<?xml version="1.0" encoding="UTF-8"?>
<!-- Generated by org.testng.reporters.JUnitXMLReporter -->
<testsuite hostname="Pratyus-MacBook-Pro.local" ignored="6" name="all-packages" tests="12" failures="2" timestamp="27 Oct 2018 02:48:03 GMT" time="326.726" errors="0">
  <testcase name="TC01_validLogin" time="12.521" classname="Module_Login.LoginPageTestScripts"/>
  <testcase name="TC02_incorrectPassword" time="12.121" classname="Module_Login.LoginPageTestScripts"/>
  <testcase name="TC03_IncorrectUserName" time="11.637" classname="Module_Login.LoginPageTestScripts"/>
  <testcase name="TC04_ForgotPassword" time="11.549" classname="Module_Login.LoginPageTestScripts"/>
  <testcase name="TC07_verifyPrivacyPolicyLink" time="22.343" classname="Module_SignUp.SignUp"/>
  <testcase name="TC08_newOffersLink" time="19.754" classname="Module_SignUp.SignUp"/>
  <testcase name="TC09_accountantBookkeeperLink" time="22.782" classname="Module_SignUp.SignUp">
    <failure type="org.openqa.selenium.NoSuchSessionException" message="Tried to run command without establishing a connection
Build info: version: &amp;apos;3.14.0&amp;apos;, revision: &amp;apos;aacccce0&amp;apos;, time: &amp;apos;2018-08-02T20:19:58.91Z&amp;apos;
System info: host: &amp;apos;Pratyus-MacBook-Pro.local&amp;apos;, ip: &amp;apos;2601:646:c780:31e0:9594:9954:9a14:4cc4%en0&amp;apos;, os.name: &amp;apos;Mac OS X&amp;apos;, os.arch: &amp;apos;x86_64&amp;apos;, os.version: &amp;apos;10.13.6&amp;apos;, java.version: &amp;apos;1.8.0_191&amp;apos;
Driver info: org.openqa.selenium.firefox.FirefoxDriver
Capabilities {acceptInsecureCerts: true, browserName: firefox, browserVersion: 62.0.2, javascriptEnabled: true, moz:accessibilityChecks: false, moz:geckodriverVersion: 0.22.0, moz:headless: false, moz:processID: 2965, moz:profile: /var/folders/7m/wlx0f71s1lb..., moz:useNonSpecCompliantPointerOrigin: false, moz:webdriverClick: true, pageLoadStrategy: normal, platform: MAC, platformName: MAC, platformVersion: 17.7.0, rotatable: false, timeouts: {implicit: 0, pageLoad: 300000, script: 30000}}
Session ID: 8e38bc0b-e2da-cd46-844a-649de69b6f1d">
      <![CDATA[org.openqa.selenium.NoSuchSessionException: Tried to run command without establishing a connection
Build info: version: '3.14.0', revision: 'aacccce0', time: '2018-08-02T20:19:58.91Z'
System info: host: 'Pratyus-MacBook-Pro.local', ip: '2601:646:c780:31e0:9594:9954:9a14:4cc4%en0', os.name: 'Mac OS X', os.arch: 'x86_64', os.version: '10.13.6', java.version: '1.8.0_191'
Driver info: org.openqa.selenium.firefox.FirefoxDriver
Capabilities {acceptInsecureCerts: true, browserName: firefox, browserVersion: 62.0.2, javascriptEnabled: true, moz:accessibilityChecks: false, moz:geckodriverVersion: 0.22.0, moz:headless: false, moz:processID: 2965, moz:profile: /var/folders/7m/wlx0f71s1lb..., moz:useNonSpecCompliantPointerOrigin: false, moz:webdriverClick: true, pageLoadStrategy: normal, platform: MAC, platformName: MAC, platformVersion: 17.7.0, rotatable: false, timeouts: {implicit: 0, pageLoad: 300000, script: 30000}}
Session ID: 8e38bc0b-e2da-cd46-844a-649de69b6f1d
at org.openqa.selenium.remote.http.W3CHttpResponseCodec.createException(W3CHttpResponseCodec.java:187)
at org.openqa.selenium.remote.http.W3CHttpResponseCodec.decode(W3CHttpResponseCodec.java:122)
at org.openqa.selenium.remote.http.W3CHttpResponseCodec.decode(W3CHttpResponseCodec.java:49)
at org.openqa.selenium.remote.HttpCommandExecutor.execute(HttpCommandExecutor.java:158)
at org.openqa.selenium.remote.service.DriverCommandExecutor.execute(DriverCommandExecutor.java:83)
at org.openqa.selenium.remote.RemoteWebDriver.execute(RemoteWebDriver.java:548)
at org.openqa.selenium.remote.RemoteWebDriver.execute(RemoteWebDriver.java:605)
at org.openqa.selenium.remote.RemoteWebDriver.close(RemoteWebDriver.java:438)
at Module_SignUp.SignUp.TC09_accountantBookkeeperLink(SignUp.java:287)
... Removed 29 stack frames]]>
    </failure>
  </testcase> <!-- TC09_accountantBookkeeperLink -->
  <testcase name="TC10_HomePageElements" time="94.017" classname="Module_HomePage.HomePage"/>
  <testcase name="TC11_Logout" time="12.431" classname="Module_HomePage.HomePage">
    <failure type="java.lang.NullPointerException">
      <![CDATA[java.lang.NullPointerException
at xeroAppTesting.SetUps.getLocator(SetUps.java:176)
at Module_HomePage.HomePage.TC11_Logout(HomePage.java:187)
... Removed 25 stack frames]]>
    </failure>
  </testcase> <!-- TC11_Logout -->
  <testcase name="TC13_AddOrganisation" time="33.182" classname="Module_MyXero.MyXero"/>
  <testcase name="TC14_PaidVersion" time="37.014" classname="Module_MyXero.MyXero"/>
  <testcase name="TC18_QuickBooksVersion" time="34.021" classname="Module_MyXero.MyXero"/>
  <testcase name="TC05_GetStarted" time="0.0" classname="Module_SignUp.SignUp">
    <ignored/>
  </testcase> <!-- TC05_GetStarted -->
  <testcase name="TC12_UploadDP" time="0.0" classname="Module_HomePage.HomePage">
    <ignored/>
  </testcase> <!-- TC12_UploadDP -->
  <testcase name="TC15_PayForStarterVersion" time="0.0" classname="Module_MyXero.MyXero">
    <ignored/>
  </testcase> <!-- TC15_PayForStarterVersion -->
  <testcase name="TC16_PayForStandardVersion" time="0.0" classname="Module_MyXero.MyXero">
    <ignored/>
  </testcase> <!-- TC16_PayForStandardVersion -->
  <testcase name="TC17_PayForPremiumVersion" time="0.0" classname="Module_MyXero.MyXero">
    <ignored/>
  </testcase> <!-- TC17_PayForPremiumVersion -->
  <testcase name="TC06_ErrorMessages" time="0.0" classname="Module_SignUp.SignUp">
    <ignored/>
  </testcase> <!-- TC06_ErrorMessages -->
</testsuite> <!-- all-packages -->
